<?xml version="1.0" encoding="UTF-8"?>
<!-- Generated by org.testng.reporters.JUnitReportReporter -->
<testsuite skipped="0" hostname="Lenovo-PC" name="com.testng.TestNGbasics" tests="1" failures="0" timestamp="03 Oct 2018 14:08:11 GMT" time="0.010" errors="0">
  <testcase name="titletest" time="0.010" classname="com.testng.TestNGbasics"/>
</testsuite> <!-- com.testng.TestNGbasics -->
