<?xml version="1.0" encoding="UTF-8"?>
<!-- Generated by org.testng.reporters.JUnitReportReporter -->
<testsuite skipped="0" hostname="Lenovo-PC" name="com.parameters.parametertest" tests="1" failures="0" timestamp="04 Oct 2018 07:05:49 GMT" time="7.477" errors="0">
  <testcase name="yahoologintest" time="7.477" classname="com.parameters.parametertest"/>
</testsuite> <!-- com.parameters.parametertest -->
